<?xml version="1.0" encoding="UTF-8"?>
<!-- Generated by org.testng.reporters.JUnitXMLReporter -->
<testsuite ignored="0" hostname="bhavna" failures="0" tests="4" name="Default test" time="13.085" errors="0" timestamp="2023-09-25T22:52:12 IST">
  <testcase classname="Api.testcases.UserTest" name="testCreateUser" time="3.801"/>
  <testcase classname="Api.testcases.UserTest" name="testGetUserData" time="2.299"/>
  <testcase classname="Api.testcases.UserTest" name="testUpdateUser" time="4.427"/>
  <testcase classname="Api.testcases.UserTest" name="testDeletUser" time="2.02"/>
</testsuite> <!-- Default test -->
