<?xml version="1.0" encoding="UTF-8"?>
<!-- Generated by org.testng.reporters.JUnitXMLReporter -->
<testsuite ignored="0" hostname="bhavna" failures="0" tests="16" name="Test" time="28.147" errors="0" timestamp="2023-09-26T10:04:02 IST">
  <testcase classname="Api.testcases.UserTest" name="testCreateUser" time="3.653"/>
  <testcase classname="Api.testcases.UserTest" name="testGetUserData" time="1.495"/>
  <testcase classname="Api.testcases.UserTest" name="testUpdateUser" time="2.821"/>
  <testcase classname="Api.testcases.UserTest" name="testDeletUser" time="1.374"/>
  <testcase classname="Api.testcases.UserTestDD" name="testCreateUser" time="1.367"/>
  <testcase classname="Api.testcases.UserTestDD" name="testCreateUser" time="1.421"/>
  <testcase classname="Api.testcases.UserTestDD" name="testCreateUser" time="1.407"/>
  <testcase classname="Api.testcases.UserTestDD" name="testCreateUser" time="1.457"/>
  <testcase classname="Api.testcases.UserTestDD" name="testGetUserData" time="1.372"/>
  <testcase classname="Api.testcases.UserTestDD" name="testGetUserData" time="1.423"/>
  <testcase classname="Api.testcases.UserTestDD" name="testGetUserData" time="1.355"/>
  <testcase classname="Api.testcases.UserTestDD" name="testGetUserData" time="1.425"/>
  <testcase classname="Api.testcases.UserTestDD" name="testDeleteUser" time="1.664"/>
  <testcase classname="Api.testcases.UserTestDD" name="testDeleteUser" time="1.377"/>
  <testcase classname="Api.testcases.UserTestDD" name="testDeleteUser" time="1.396"/>
  <testcase classname="Api.testcases.UserTestDD" name="testDeleteUser" time="1.345"/>
</testsuite> <!-- Test -->
