<?xml version="1.0" encoding="UTF-8"?>
<!-- Generated by org.testng.reporters.JUnitXMLReporter -->
<testsuite ignored="0" hostname="bhavna" failures="0" tests="16" name="Test" time="43.643" errors="0" timestamp="2023-09-26T11:18:16 IST">
  <testcase classname="Api.testcases.UserTest" name="testCreateUser" time="3.678"/>
  <testcase classname="Api.testcases.UserTest" name="testGetUserData" time="2.519"/>
  <testcase classname="Api.testcases.UserTest" name="testUpdateUser" time="4.598"/>
  <testcase classname="Api.testcases.UserTest" name="testDeletUser" time="3.071"/>
  <testcase classname="Api.testcases.UserTestDD" name="testCreateUser" time="2.236"/>
  <testcase classname="Api.testcases.UserTestDD" name="testCreateUser" time="2.252"/>
  <testcase classname="Api.testcases.UserTestDD" name="testCreateUser" time="2.458"/>
  <testcase classname="Api.testcases.UserTestDD" name="testCreateUser" time="2.148"/>
  <testcase classname="Api.testcases.UserTestDD" name="testGetUserData" time="3.031"/>
  <testcase classname="Api.testcases.UserTestDD" name="testGetUserData" time="2.661"/>
  <testcase classname="Api.testcases.UserTestDD" name="testGetUserData" time="2.662"/>
  <testcase classname="Api.testcases.UserTestDD" name="testGetUserData" time="2.354"/>
  <testcase classname="Api.testcases.UserTestDD" name="testDeleteUser" time="1.792"/>
  <testcase classname="Api.testcases.UserTestDD" name="testDeleteUser" time="1.637"/>
  <testcase classname="Api.testcases.UserTestDD" name="testDeleteUser" time="2.56"/>
  <testcase classname="Api.testcases.UserTestDD" name="testDeleteUser" time="2.559"/>
</testsuite> <!-- Test -->
