<?xml version="1.0" encoding="UTF-8"?>
<testng-results ignored="0" total="16" passed="16" failed="0" skipped="0">
  <reporter-output>
  </reporter-output>
  <suite started-at="2023-09-26T11:17:32 IST" name="Suite" finished-at="2023-09-26T11:18:15 IST" duration-ms="43643">
    <groups>
    </groups>
    <test started-at="2023-09-26T11:17:32 IST" name="Test" finished-at="2023-09-26T11:18:15 IST" duration-ms="43643">
      <class name="Api.testcases.UserTestDD">
        <test-method signature="testCreateUser(java.lang.String,java.lang.String,java.lang.String,java.lang.String,java.lang.String,java.lang.String,java.lang.String)[pri:1, instance:Api.testcases.UserTestDD@1ab3a8c8]" started-at="2023-09-26T11:17:47 IST" name="testCreateUser" data-provider="AllData" finished-at="2023-09-26T11:17:49 IST" duration-ms="2236" status="PASS">
          <params>
            <param index="0">
              <value>
                <![CDATA[2020]]>
              </value>
            </param>
            <param index="1">
              <value>
                <![CDATA[user1]]>
              </value>
            </param>
            <param index="2">
              <value>
                <![CDATA[Rita]]>
              </value>
            </param>
            <param index="3">
              <value>
                <![CDATA[Gupta]]>
              </value>
            </param>
            <param index="4">
              <value>
                <![CDATA[a@gmail.com]]>
              </value>
            </param>
            <param index="5">
              <value>
                <![CDATA[test@1]]>
              </value>
            </param>
            <param index="6">
              <value>
                <![CDATA[1234567897]]>
              </value>
            </param>
          </params>
          <reporter-output>
          </reporter-output>
        </test-method> <!-- testCreateUser -->
        <test-method signature="testCreateUser(java.lang.String,java.lang.String,java.lang.String,java.lang.String,java.lang.String,java.lang.String,java.lang.String)[pri:1, instance:Api.testcases.UserTestDD@1ab3a8c8]" started-at="2023-09-26T11:17:49 IST" name="testCreateUser" data-provider="AllData" finished-at="2023-09-26T11:17:51 IST" duration-ms="2252" status="PASS">
          <params>
            <param index="0">
              <value>
                <![CDATA[2021]]>
              </value>
            </param>
            <param index="1">
              <value>
                <![CDATA[user2]]>
              </value>
            </param>
            <param index="2">
              <value>
                <![CDATA[Radha]]>
              </value>
            </param>
            <param index="3">
              <value>
                <![CDATA[Jain]]>
              </value>
            </param>
            <param index="4">
              <value>
                <![CDATA[b@gmail.com]]>
              </value>
            </param>
            <param index="5">
              <value>
                <![CDATA[test@2]]>
              </value>
            </param>
            <param index="6">
              <value>
                <![CDATA[1234567897]]>
              </value>
            </param>
          </params>
          <reporter-output>
          </reporter-output>
        </test-method> <!-- testCreateUser -->
        <test-method signature="testCreateUser(java.lang.String,java.lang.String,java.lang.String,java.lang.String,java.lang.String,java.lang.String,java.lang.String)[pri:1, instance:Api.testcases.UserTestDD@1ab3a8c8]" started-at="2023-09-26T11:17:51 IST" name="testCreateUser" data-provider="AllData" finished-at="2023-09-26T11:17:54 IST" duration-ms="2458" status="PASS">
          <params>
            <param index="0">
              <value>
                <![CDATA[2022]]>
              </value>
            </param>
            <param index="1">
              <value>
                <![CDATA[user3]]>
              </value>
            </param>
            <param index="2">
              <value>
                <![CDATA[Smita]]>
              </value>
            </param>
            <param index="3">
              <value>
                <![CDATA[Pathak]]>
              </value>
            </param>
            <param index="4">
              <value>
                <![CDATA[c@gmail.com]]>
              </value>
            </param>
            <param index="5">
              <value>
                <![CDATA[test@3]]>
              </value>
            </param>
            <param index="6">
              <value>
                <![CDATA[1234567897]]>
              </value>
            </param>
          </params>
          <reporter-output>
          </reporter-output>
        </test-method> <!-- testCreateUser -->
        <test-method signature="testCreateUser(java.lang.String,java.lang.String,java.lang.String,java.lang.String,java.lang.String,java.lang.String,java.lang.String)[pri:1, instance:Api.testcases.UserTestDD@1ab3a8c8]" started-at="2023-09-26T11:17:54 IST" name="testCreateUser" data-provider="AllData" finished-at="2023-09-26T11:17:56 IST" duration-ms="2148" status="PASS">
          <params>
            <param index="0">
              <value>
                <![CDATA[2024]]>
              </value>
            </param>
            <param index="1">
              <value>
                <![CDATA[user4]]>
              </value>
            </param>
            <param index="2">
              <value>
                <![CDATA[Renu]]>
              </value>
            </param>
            <param index="3">
              <value>
                <![CDATA[Shah]]>
              </value>
            </param>
            <param index="4">
              <value>
                <![CDATA[renu@gmail.com]]>
              </value>
            </param>
            <param index="5">
              <value>
                <![CDATA[test@4]]>
              </value>
            </param>
            <param index="6">
              <value>
                <![CDATA[1234567897]]>
              </value>
            </param>
          </params>
          <reporter-output>
          </reporter-output>
        </test-method> <!-- testCreateUser -->
        <test-method signature="testGetUserData(java.lang.String)[pri:2, instance:Api.testcases.UserTestDD@1ab3a8c8]" started-at="2023-09-26T11:17:56 IST" name="testGetUserData" data-provider="UserNamesData" finished-at="2023-09-26T11:17:59 IST" duration-ms="3031" status="PASS">
          <params>
            <param index="0">
              <value>
                <![CDATA[user1]]>
              </value>
            </param>
          </params>
          <reporter-output>
          </reporter-output>
        </test-method> <!-- testGetUserData -->
        <test-method signature="testGetUserData(java.lang.String)[pri:2, instance:Api.testcases.UserTestDD@1ab3a8c8]" started-at="2023-09-26T11:17:59 IST" name="testGetUserData" data-provider="UserNamesData" finished-at="2023-09-26T11:18:02 IST" duration-ms="2661" status="PASS">
          <params>
            <param index="0">
              <value>
                <![CDATA[user2]]>
              </value>
            </param>
          </params>
          <reporter-output>
          </reporter-output>
        </test-method> <!-- testGetUserData -->
        <test-method signature="testGetUserData(java.lang.String)[pri:2, instance:Api.testcases.UserTestDD@1ab3a8c8]" started-at="2023-09-26T11:18:02 IST" name="testGetUserData" data-provider="UserNamesData" finished-at="2023-09-26T11:18:04 IST" duration-ms="2662" status="PASS">
          <params>
            <param index="0">
              <value>
                <![CDATA[user3]]>
              </value>
            </param>
          </params>
          <reporter-output>
          </reporter-output>
        </test-method> <!-- testGetUserData -->
        <test-method signature="testGetUserData(java.lang.String)[pri:2, instance:Api.testcases.UserTestDD@1ab3a8c8]" started-at="2023-09-26T11:18:04 IST" name="testGetUserData" data-provider="UserNamesData" finished-at="2023-09-26T11:18:07 IST" duration-ms="2354" status="PASS">
          <params>
            <param index="0">
              <value>
                <![CDATA[user4]]>
              </value>
            </param>
          </params>
          <reporter-output>
          </reporter-output>
        </test-method> <!-- testGetUserData -->
        <test-method signature="testDeleteUser(java.lang.String)[pri:3, instance:Api.testcases.UserTestDD@1ab3a8c8]" started-at="2023-09-26T11:18:07 IST" name="testDeleteUser" data-provider="UserNamesData" finished-at="2023-09-26T11:18:09 IST" duration-ms="1792" status="PASS">
          <params>
            <param index="0">
              <value>
                <![CDATA[user1]]>
              </value>
            </param>
          </params>
          <reporter-output>
          </reporter-output>
        </test-method> <!-- testDeleteUser -->
        <test-method signature="testDeleteUser(java.lang.String)[pri:3, instance:Api.testcases.UserTestDD@1ab3a8c8]" started-at="2023-09-26T11:18:09 IST" name="testDeleteUser" data-provider="UserNamesData" finished-at="2023-09-26T11:18:10 IST" duration-ms="1637" status="PASS">
          <params>
            <param index="0">
              <value>
                <![CDATA[user2]]>
              </value>
            </param>
          </params>
          <reporter-output>
          </reporter-output>
        </test-method> <!-- testDeleteUser -->
        <test-method signature="testDeleteUser(java.lang.String)[pri:3, instance:Api.testcases.UserTestDD@1ab3a8c8]" started-at="2023-09-26T11:18:10 IST" name="testDeleteUser" data-provider="UserNamesData" finished-at="2023-09-26T11:18:13 IST" duration-ms="2560" status="PASS">
          <params>
            <param index="0">
              <value>
                <![CDATA[user3]]>
              </value>
            </param>
          </params>
          <reporter-output>
          </reporter-output>
        </test-method> <!-- testDeleteUser -->
        <test-method signature="testDeleteUser(java.lang.String)[pri:3, instance:Api.testcases.UserTestDD@1ab3a8c8]" started-at="2023-09-26T11:18:13 IST" name="testDeleteUser" data-provider="UserNamesData" finished-at="2023-09-26T11:18:15 IST" duration-ms="2559" status="PASS">
          <params>
            <param index="0">
              <value>
                <![CDATA[user4]]>
              </value>
            </param>
          </params>
          <reporter-output>
          </reporter-output>
        </test-method> <!-- testDeleteUser -->
      </class> <!-- Api.testcases.UserTestDD -->
      <class name="Api.testcases.UserTest">
        <test-method is-config="true" signature="GenerateTestData()[pri:0, instance:Api.testcases.UserTest@393671df]" started-at="2023-09-26T11:17:32 IST" name="GenerateTestData" finished-at="2023-09-26T11:17:32 IST" duration-ms="441" status="PASS">
          <reporter-output>
          </reporter-output>
        </test-method> <!-- GenerateTestData -->
        <test-method signature="testCreateUser()[pri:1, instance:Api.testcases.UserTest@393671df]" started-at="2023-09-26T11:17:32 IST" name="testCreateUser" finished-at="2023-09-26T11:17:36 IST" duration-ms="3678" status="PASS">
          <reporter-output>
          </reporter-output>
        </test-method> <!-- testCreateUser -->
        <test-method signature="testGetUserData()[pri:2, instance:Api.testcases.UserTest@393671df]" started-at="2023-09-26T11:17:36 IST" name="testGetUserData" finished-at="2023-09-26T11:17:39 IST" duration-ms="2519" status="PASS">
          <reporter-output>
          </reporter-output>
        </test-method> <!-- testGetUserData -->
        <test-method signature="testUpdateUser()[pri:3, instance:Api.testcases.UserTest@393671df]" started-at="2023-09-26T11:17:39 IST" name="testUpdateUser" finished-at="2023-09-26T11:17:43 IST" duration-ms="4598" status="PASS">
          <reporter-output>
          </reporter-output>
        </test-method> <!-- testUpdateUser -->
        <test-method signature="testDeletUser()[pri:4, instance:Api.testcases.UserTest@393671df]" started-at="2023-09-26T11:17:43 IST" name="testDeletUser" finished-at="2023-09-26T11:17:46 IST" duration-ms="3071" status="PASS">
          <reporter-output>
          </reporter-output>
        </test-method> <!-- testDeletUser -->
      </class> <!-- Api.testcases.UserTest -->
    </test> <!-- Test -->
  </suite> <!-- Suite -->
</testng-results>
