<?xml version="1.0" encoding="UTF-8"?>
<testsuite xmlns:xsi="http://www.w3.org/2001/XMLSchema-instance" xsi:noNamespaceSchemaLocation="https://maven.apache.org/surefire/maven-surefire-plugin/xsd/surefire-test-report-3.0.xsd" version="3.0" name="TestSuite" time="44.165" tests="16" errors="0" skipped="0" failures="0">
  <properties>
[...]
</properties>
  <testcase name="testCreateUser" classname="Api.testcases.UserTest" time="3.686">
    <system-out><![CDATA[On Start method invoked....
Name of test method started:testCreateUser
HTTP/1.1 200 OK
Date: Tue, 26 Sep 2023 05:47:35 GMT
Content-Type: application/json
Transfer-Encoding: chunked
Connection: keep-alive
Access-Control-Allow-Origin: *
Access-Control-Allow-Methods: GET, POST, DELETE, PUT
Access-Control-Allow-Headers: Content-Type, api_key, Authorization
Server: Jetty(9.2.9.v20150224)

{
    "code": 200,
    "type": "unknown",
    "message": "502838712"
}
[INFO ] 2023-09-26 11:17:36.570 [main] RestAssuredAutomationFramework - Creater User Executed
Name of test method sucessfully executed:testCreateUser
]]></system-out>
    <system-err><![CDATA[SLF4J: Failed to load class "org.slf4j.impl.StaticLoggerBinder".
SLF4J: Defaulting to no-operation (NOP) logger implementation
SLF4J: See http://www.slf4j.org/codes.html#StaticLoggerBinder for further details.
]]></system-err>
  </testcase>
  <testcase name="testGetUserData" classname="Api.testcases.UserTest" time="2.514">
    <system-out><![CDATA[Name of test method started:testGetUserData
Read User Data
HTTP/1.1 200 OK
Date: Tue, 26 Sep 2023 05:47:38 GMT
Content-Type: application/json
Transfer-Encoding: chunked
Connection: keep-alive
Access-Control-Allow-Origin: *
Access-Control-Allow-Methods: GET, POST, DELETE, PUT
Access-Control-Allow-Headers: Content-Type, api_key, Authorization
Server: Jetty(9.2.9.v20150224)

{
    "id": 502838712,
    "username": "debby.kemmer",
    "firstName": "Maurine",
    "lastName": "Hodkiewicz",
    "email": "jasmin.smith@hotmail.com",
    "password": "ft3hlp4",
    "phone": "986.070.5085",
    "userStatus": 0
}
[INFO ] 2023-09-26 11:17:39.098 [main] RestAssuredAutomationFramework - Get User data Executed
Name of test method sucessfully executed:testGetUserData
]]></system-out>
  </testcase>
  <testcase name="testUpdateUser" classname="Api.testcases.UserTest" time="4.602">
    <system-out><![CDATA[Name of test method started:testUpdateUser
HTTP/1.1 200 OK
Date: Tue, 26 Sep 2023 05:47:40 GMT
Content-Type: application/json
Transfer-Encoding: chunked
Connection: keep-alive
Access-Control-Allow-Origin: *
Access-Control-Allow-Methods: GET, POST, DELETE, PUT
Access-Control-Allow-Headers: Content-Type, api_key, Authorization
Server: Jetty(9.2.9.v20150224)

{
    "code": 200,
    "type": "unknown",
    "message": "502838712"
}
 After Update user Data
HTTP/1.1 200 OK
Date: Tue, 26 Sep 2023 05:47:42 GMT
Content-Type: application/json
Transfer-Encoding: chunked
Connection: keep-alive
Access-Control-Allow-Origin: *
Access-Control-Allow-Methods: GET, POST, DELETE, PUT
Access-Control-Allow-Headers: Content-Type, api_key, Authorization
Server: Jetty(9.2.9.v20150224)

{
    "code": 200,
    "type": "unknown",
    "message": "502838712"
}
[INFO ] 2023-09-26 11:17:43.697 [main] RestAssuredAutomationFramework - Update User Executed
Name of test method sucessfully executed:testUpdateUser
]]></system-out>
  </testcase>
  <testcase name="testDeletUser" classname="Api.testcases.UserTest" time="3.068">
    <system-out><![CDATA[Name of test method started:testDeletUser
Delete  User Data
HTTP/1.1 200 OK
Date: Tue, 26 Sep 2023 05:47:45 GMT
Content-Type: application/json
Transfer-Encoding: chunked
Connection: keep-alive
Access-Control-Allow-Origin: *
Access-Control-Allow-Methods: GET, POST, DELETE, PUT
Access-Control-Allow-Headers: Content-Type, api_key, Authorization
Server: Jetty(9.2.9.v20150224)

{
    "code": 200,
    "type": "unknown",
    "message": "debby.kemmer"
}
[INFO ] 2023-09-26 11:17:46.769 [main] RestAssuredAutomationFramework - Delet  User  Executed
Name of test method sucessfully executed:testDeletUser
]]></system-out>
  </testcase>
  <testcase name="testCreateUser[2020, user1, Rita, Gupta, a@gmail.com, test@1, 1234567897](1)" classname="Api.testcases.UserTestDD" time="2.241">
    <system-out><![CDATA[[DEBUG] 2023-09-26 11:17:46.834 [main] PackageRelationshipCollection - Parsing relationship: /xl/_rels/workbook.xml.rels
[DEBUG] 2023-09-26 11:17:46.836 [main] PackageRelationshipCollection - Parsing relationship: /xl/worksheets/_rels/sheet1.xml.rels
[DEBUG] 2023-09-26 11:17:46.837 [main] PackageRelationshipCollection - Parsing relationship: /_rels/.rels
[DEBUG] 2023-09-26 11:17:47.112 [main] PackageRelationshipCollection - Parsing relationship: /xl/_rels/workbook.xml.rels
[DEBUG] 2023-09-26 11:17:47.112 [main] PackageRelationshipCollection - Parsing relationship: /xl/worksheets/_rels/sheet1.xml.rels
[DEBUG] 2023-09-26 11:17:47.113 [main] PackageRelationshipCollection - Parsing relationship: /_rels/.rels
[DEBUG] 2023-09-26 11:17:47.133 [main] PackageRelationshipCollection - Parsing relationship: /xl/_rels/workbook.xml.rels
[DEBUG] 2023-09-26 11:17:47.134 [main] PackageRelationshipCollection - Parsing relationship: /xl/worksheets/_rels/sheet1.xml.rels
[DEBUG] 2023-09-26 11:17:47.134 [main] PackageRelationshipCollection - Parsing relationship: /_rels/.rels
[DEBUG] 2023-09-26 11:17:47.156 [main] PackageRelationshipCollection - Parsing relationship: /xl/_rels/workbook.xml.rels
[DEBUG] 2023-09-26 11:17:47.156 [main] PackageRelationshipCollection - Parsing relationship: /xl/worksheets/_rels/sheet1.xml.rels
[DEBUG] 2023-09-26 11:17:47.157 [main] PackageRelationshipCollection - Parsing relationship: /_rels/.rels
[DEBUG] 2023-09-26 11:17:47.177 [main] PackageRelationshipCollection - Parsing relationship: /xl/_rels/workbook.xml.rels
[DEBUG] 2023-09-26 11:17:47.177 [main] PackageRelationshipCollection - Parsing relationship: /xl/worksheets/_rels/sheet1.xml.rels
[DEBUG] 2023-09-26 11:17:47.179 [main] PackageRelationshipCollection - Parsing relationship: /_rels/.rels
[DEBUG] 2023-09-26 11:17:47.192 [main] PackageRelationshipCollection - Parsing relationship: /xl/_rels/workbook.xml.rels
[DEBUG] 2023-09-26 11:17:47.193 [main] PackageRelationshipCollection - Parsing relationship: /xl/worksheets/_rels/sheet1.xml.rels
[DEBUG] 2023-09-26 11:17:47.195 [main] PackageRelationshipCollection - Parsing relationship: /_rels/.rels
[DEBUG] 2023-09-26 11:17:47.209 [main] PackageRelationshipCollection - Parsing relationship: /xl/_rels/workbook.xml.rels
[DEBUG] 2023-09-26 11:17:47.210 [main] PackageRelationshipCollection - Parsing relationship: /xl/worksheets/_rels/sheet1.xml.rels
[DEBUG] 2023-09-26 11:17:47.211 [main] PackageRelationshipCollection - Parsing relationship: /_rels/.rels
[DEBUG] 2023-09-26 11:17:47.227 [main] PackageRelationshipCollection - Parsing relationship: /xl/_rels/workbook.xml.rels
[DEBUG] 2023-09-26 11:17:47.227 [main] PackageRelationshipCollection - Parsing relationship: /xl/worksheets/_rels/sheet1.xml.rels
[DEBUG] 2023-09-26 11:17:47.228 [main] PackageRelationshipCollection - Parsing relationship: /_rels/.rels
[DEBUG] 2023-09-26 11:17:47.243 [main] PackageRelationshipCollection - Parsing relationship: /xl/_rels/workbook.xml.rels
[DEBUG] 2023-09-26 11:17:47.243 [main] PackageRelationshipCollection - Parsing relationship: /xl/worksheets/_rels/sheet1.xml.rels
[DEBUG] 2023-09-26 11:17:47.243 [main] PackageRelationshipCollection - Parsing relationship: /_rels/.rels
[DEBUG] 2023-09-26 11:17:47.258 [main] PackageRelationshipCollection - Parsing relationship: /xl/_rels/workbook.xml.rels
[DEBUG] 2023-09-26 11:17:47.259 [main] PackageRelationshipCollection - Parsing relationship: /xl/worksheets/_rels/sheet1.xml.rels
[DEBUG] 2023-09-26 11:17:47.259 [main] PackageRelationshipCollection - Parsing relationship: /_rels/.rels
[DEBUG] 2023-09-26 11:17:47.270 [main] PackageRelationshipCollection - Parsing relationship: /xl/_rels/workbook.xml.rels
[DEBUG] 2023-09-26 11:17:47.271 [main] PackageRelationshipCollection - Parsing relationship: /xl/worksheets/_rels/sheet1.xml.rels
[DEBUG] 2023-09-26 11:17:47.271 [main] PackageRelationshipCollection - Parsing relationship: /_rels/.rels
[DEBUG] 2023-09-26 11:17:47.284 [main] PackageRelationshipCollection - Parsing relationship: /xl/_rels/workbook.xml.rels
[DEBUG] 2023-09-26 11:17:47.285 [main] PackageRelationshipCollection - Parsing relationship: /xl/worksheets/_rels/sheet1.xml.rels
[DEBUG] 2023-09-26 11:17:47.285 [main] PackageRelationshipCollection - Parsing relationship: /_rels/.rels
[DEBUG] 2023-09-26 11:17:47.297 [main] PackageRelationshipCollection - Parsing relationship: /xl/_rels/workbook.xml.rels
[DEBUG] 2023-09-26 11:17:47.298 [main] PackageRelationshipCollection - Parsing relationship: /xl/worksheets/_rels/sheet1.xml.rels
[DEBUG] 2023-09-26 11:17:47.298 [main] PackageRelationshipCollection - Parsing relationship: /_rels/.rels
[DEBUG] 2023-09-26 11:17:47.309 [main] PackageRelationshipCollection - Parsing relationship: /xl/_rels/workbook.xml.rels
[DEBUG] 2023-09-26 11:17:47.309 [main] PackageRelationshipCollection - Parsing relationship: /xl/worksheets/_rels/sheet1.xml.rels
[DEBUG] 2023-09-26 11:17:47.310 [main] PackageRelationshipCollection - Parsing relationship: /_rels/.rels
[DEBUG] 2023-09-26 11:17:47.325 [main] PackageRelationshipCollection - Parsing relationship: /xl/_rels/workbook.xml.rels
[DEBUG] 2023-09-26 11:17:47.325 [main] PackageRelationshipCollection - Parsing relationship: /xl/worksheets/_rels/sheet1.xml.rels
[DEBUG] 2023-09-26 11:17:47.326 [main] PackageRelationshipCollection - Parsing relationship: /_rels/.rels
[DEBUG] 2023-09-26 11:17:47.336 [main] PackageRelationshipCollection - Parsing relationship: /xl/_rels/workbook.xml.rels
[DEBUG] 2023-09-26 11:17:47.336 [main] PackageRelationshipCollection - Parsing relationship: /xl/worksheets/_rels/sheet1.xml.rels
[DEBUG] 2023-09-26 11:17:47.337 [main] PackageRelationshipCollection - Parsing relationship: /_rels/.rels
[DEBUG] 2023-09-26 11:17:47.350 [main] PackageRelationshipCollection - Parsing relationship: /xl/_rels/workbook.xml.rels
[DEBUG] 2023-09-26 11:17:47.350 [main] PackageRelationshipCollection - Parsing relationship: /xl/worksheets/_rels/sheet1.xml.rels
[DEBUG] 2023-09-26 11:17:47.351 [main] PackageRelationshipCollection - Parsing relationship: /_rels/.rels
[DEBUG] 2023-09-26 11:17:47.363 [main] PackageRelationshipCollection - Parsing relationship: /xl/_rels/workbook.xml.rels
[DEBUG] 2023-09-26 11:17:47.363 [main] PackageRelationshipCollection - Parsing relationship: /xl/worksheets/_rels/sheet1.xml.rels
[DEBUG] 2023-09-26 11:17:47.363 [main] PackageRelationshipCollection - Parsing relationship: /_rels/.rels
[DEBUG] 2023-09-26 11:17:47.376 [main] PackageRelationshipCollection - Parsing relationship: /xl/_rels/workbook.xml.rels
[DEBUG] 2023-09-26 11:17:47.377 [main] PackageRelationshipCollection - Parsing relationship: /xl/worksheets/_rels/sheet1.xml.rels
[DEBUG] 2023-09-26 11:17:47.377 [main] PackageRelationshipCollection - Parsing relationship: /_rels/.rels
[DEBUG] 2023-09-26 11:17:47.390 [main] PackageRelationshipCollection - Parsing relationship: /xl/_rels/workbook.xml.rels
[DEBUG] 2023-09-26 11:17:47.391 [main] PackageRelationshipCollection - Parsing relationship: /xl/worksheets/_rels/sheet1.xml.rels
[DEBUG] 2023-09-26 11:17:47.391 [main] PackageRelationshipCollection - Parsing relationship: /_rels/.rels
[DEBUG] 2023-09-26 11:17:47.402 [main] PackageRelationshipCollection - Parsing relationship: /xl/_rels/workbook.xml.rels
[DEBUG] 2023-09-26 11:17:47.402 [main] PackageRelationshipCollection - Parsing relationship: /xl/worksheets/_rels/sheet1.xml.rels
[DEBUG] 2023-09-26 11:17:47.403 [main] PackageRelationshipCollection - Parsing relationship: /_rels/.rels
[DEBUG] 2023-09-26 11:17:47.413 [main] PackageRelationshipCollection - Parsing relationship: /xl/_rels/workbook.xml.rels
[DEBUG] 2023-09-26 11:17:47.413 [main] PackageRelationshipCollection - Parsing relationship: /xl/worksheets/_rels/sheet1.xml.rels
[DEBUG] 2023-09-26 11:17:47.413 [main] PackageRelationshipCollection - Parsing relationship: /_rels/.rels
[DEBUG] 2023-09-26 11:17:47.422 [main] PackageRelationshipCollection - Parsing relationship: /xl/_rels/workbook.xml.rels
[DEBUG] 2023-09-26 11:17:47.423 [main] PackageRelationshipCollection - Parsing relationship: /xl/worksheets/_rels/sheet1.xml.rels
[DEBUG] 2023-09-26 11:17:47.423 [main] PackageRelationshipCollection - Parsing relationship: /_rels/.rels
[DEBUG] 2023-09-26 11:17:47.431 [main] PackageRelationshipCollection - Parsing relationship: /xl/_rels/workbook.xml.rels
[DEBUG] 2023-09-26 11:17:47.431 [main] PackageRelationshipCollection - Parsing relationship: /xl/worksheets/_rels/sheet1.xml.rels
[DEBUG] 2023-09-26 11:17:47.432 [main] PackageRelationshipCollection - Parsing relationship: /_rels/.rels
[DEBUG] 2023-09-26 11:17:47.441 [main] PackageRelationshipCollection - Parsing relationship: /xl/_rels/workbook.xml.rels
[DEBUG] 2023-09-26 11:17:47.441 [main] PackageRelationshipCollection - Parsing relationship: /xl/worksheets/_rels/sheet1.xml.rels
[DEBUG] 2023-09-26 11:17:47.441 [main] PackageRelationshipCollection - Parsing relationship: /_rels/.rels
[DEBUG] 2023-09-26 11:17:47.449 [main] PackageRelationshipCollection - Parsing relationship: /xl/_rels/workbook.xml.rels
[DEBUG] 2023-09-26 11:17:47.449 [main] PackageRelationshipCollection - Parsing relationship: /xl/worksheets/_rels/sheet1.xml.rels
[DEBUG] 2023-09-26 11:17:47.451 [main] PackageRelationshipCollection - Parsing relationship: /_rels/.rels
[DEBUG] 2023-09-26 11:17:47.462 [main] PackageRelationshipCollection - Parsing relationship: /xl/_rels/workbook.xml.rels
[DEBUG] 2023-09-26 11:17:47.463 [main] PackageRelationshipCollection - Parsing relationship: /xl/worksheets/_rels/sheet1.xml.rels
[DEBUG] 2023-09-26 11:17:47.463 [main] PackageRelationshipCollection - Parsing relationship: /_rels/.rels
[DEBUG] 2023-09-26 11:17:47.474 [main] PackageRelationshipCollection - Parsing relationship: /xl/_rels/workbook.xml.rels
[DEBUG] 2023-09-26 11:17:47.475 [main] PackageRelationshipCollection - Parsing relationship: /xl/worksheets/_rels/sheet1.xml.rels
[DEBUG] 2023-09-26 11:17:47.475 [main] PackageRelationshipCollection - Parsing relationship: /_rels/.rels
[DEBUG] 2023-09-26 11:17:47.484 [main] PackageRelationshipCollection - Parsing relationship: /xl/_rels/workbook.xml.rels
[DEBUG] 2023-09-26 11:17:47.484 [main] PackageRelationshipCollection - Parsing relationship: /xl/worksheets/_rels/sheet1.xml.rels
[DEBUG] 2023-09-26 11:17:47.485 [main] PackageRelationshipCollection - Parsing relationship: /_rels/.rels
[DEBUG] 2023-09-26 11:17:47.493 [main] PackageRelationshipCollection - Parsing relationship: /xl/_rels/workbook.xml.rels
[DEBUG] 2023-09-26 11:17:47.494 [main] PackageRelationshipCollection - Parsing relationship: /xl/worksheets/_rels/sheet1.xml.rels
[DEBUG] 2023-09-26 11:17:47.494 [main] PackageRelationshipCollection - Parsing relationship: /_rels/.rels
Name of test method started:testCreateUser
HTTP/1.1 200 OK
Date: Tue, 26 Sep 2023 05:47:49 GMT
Content-Type: application/json
Transfer-Encoding: chunked
Connection: keep-alive
Access-Control-Allow-Origin: *
Access-Control-Allow-Methods: GET, POST, DELETE, PUT
Access-Control-Allow-Headers: Content-Type, api_key, Authorization
Server: Jetty(9.2.9.v20150224)

{
    "code": 200,
    "type": "unknown",
    "message": "2020"
}
[INFO ] 2023-09-26 11:17:49.738 [main] RestAssuredAutomationFramework - Craete User Executed
Name of test method sucessfully executed:testCreateUser
]]></system-out>
  </testcase>
  <testcase name="testCreateUser[2021, user2, Radha, Jain, b@gmail.com, test@2, 1234567897](2)" classname="Api.testcases.UserTestDD" time="2.25">
    <system-out><![CDATA[Name of test method started:testCreateUser
HTTP/1.1 200 OK
Date: Tue, 26 Sep 2023 05:47:51 GMT
Content-Type: application/json
Transfer-Encoding: chunked
Connection: keep-alive
Access-Control-Allow-Origin: *
Access-Control-Allow-Methods: GET, POST, DELETE, PUT
Access-Control-Allow-Headers: Content-Type, api_key, Authorization
Server: Jetty(9.2.9.v20150224)

{
    "code": 200,
    "type": "unknown",
    "message": "2021"
}
[INFO ] 2023-09-26 11:17:51.991 [main] RestAssuredAutomationFramework - Craete User Executed
Name of test method sucessfully executed:testCreateUser
]]></system-out>
  </testcase>
  <testcase name="testCreateUser[2022, user3, Smita, Pathak, c@gmail.com, test@3, 1234567897](3)" classname="Api.testcases.UserTestDD" time="2.459">
    <system-out><![CDATA[Name of test method started:testCreateUser
HTTP/1.1 200 OK
Date: Tue, 26 Sep 2023 05:47:53 GMT
Content-Type: application/json
Transfer-Encoding: chunked
Connection: keep-alive
Access-Control-Allow-Origin: *
Access-Control-Allow-Methods: GET, POST, DELETE, PUT
Access-Control-Allow-Headers: Content-Type, api_key, Authorization
Server: Jetty(9.2.9.v20150224)

{
    "code": 200,
    "type": "unknown",
    "message": "2022"
}
[INFO ] 2023-09-26 11:17:54.450 [main] RestAssuredAutomationFramework - Craete User Executed
Name of test method sucessfully executed:testCreateUser
]]></system-out>
  </testcase>
  <testcase name="testCreateUser[2024, user4, Renu, Shah, renu@gmail.com, test@4, 1234567897](4)" classname="Api.testcases.UserTestDD" time="2.16">
    <system-out><![CDATA[Name of test method started:testCreateUser
HTTP/1.1 200 OK
Date: Tue, 26 Sep 2023 05:47:55 GMT
Content-Type: application/json
Transfer-Encoding: chunked
Connection: keep-alive
Access-Control-Allow-Origin: *
Access-Control-Allow-Methods: GET, POST, DELETE, PUT
Access-Control-Allow-Headers: Content-Type, api_key, Authorization
Server: Jetty(9.2.9.v20150224)

{
    "code": 200,
    "type": "unknown",
    "message": "2024"
}
[INFO ] 2023-09-26 11:17:56.599 [main] RestAssuredAutomationFramework - Craete User Executed
Name of test method sucessfully executed:testCreateUser
]]></system-out>
  </testcase>
  <testcase name="testGetUserData[user1](1)" classname="Api.testcases.UserTestDD" time="3.028">
    <system-out><![CDATA[[DEBUG] 2023-09-26 11:17:56.603 [main] PackageRelationshipCollection - Parsing relationship: /xl/_rels/workbook.xml.rels
[DEBUG] 2023-09-26 11:17:56.604 [main] PackageRelationshipCollection - Parsing relationship: /xl/worksheets/_rels/sheet1.xml.rels
[DEBUG] 2023-09-26 11:17:56.604 [main] PackageRelationshipCollection - Parsing relationship: /_rels/.rels
[DEBUG] 2023-09-26 11:17:56.613 [main] PackageRelationshipCollection - Parsing relationship: /xl/_rels/workbook.xml.rels
[DEBUG] 2023-09-26 11:17:56.613 [main] PackageRelationshipCollection - Parsing relationship: /xl/worksheets/_rels/sheet1.xml.rels
[DEBUG] 2023-09-26 11:17:56.614 [main] PackageRelationshipCollection - Parsing relationship: /_rels/.rels
[DEBUG] 2023-09-26 11:17:56.620 [main] PackageRelationshipCollection - Parsing relationship: /xl/_rels/workbook.xml.rels
[DEBUG] 2023-09-26 11:17:56.621 [main] PackageRelationshipCollection - Parsing relationship: /xl/worksheets/_rels/sheet1.xml.rels
[DEBUG] 2023-09-26 11:17:56.621 [main] PackageRelationshipCollection - Parsing relationship: /_rels/.rels
[DEBUG] 2023-09-26 11:17:56.627 [main] PackageRelationshipCollection - Parsing relationship: /xl/_rels/workbook.xml.rels
[DEBUG] 2023-09-26 11:17:56.627 [main] PackageRelationshipCollection - Parsing relationship: /xl/worksheets/_rels/sheet1.xml.rels
[DEBUG] 2023-09-26 11:17:56.627 [main] PackageRelationshipCollection - Parsing relationship: /_rels/.rels
[DEBUG] 2023-09-26 11:17:56.635 [main] PackageRelationshipCollection - Parsing relationship: /xl/_rels/workbook.xml.rels
[DEBUG] 2023-09-26 11:17:56.635 [main] PackageRelationshipCollection - Parsing relationship: /xl/worksheets/_rels/sheet1.xml.rels
[DEBUG] 2023-09-26 11:17:56.636 [main] PackageRelationshipCollection - Parsing relationship: /_rels/.rels
Name of test method started:testGetUserData
HTTP/1.1 200 OK
Date: Tue, 26 Sep 2023 05:47:58 GMT
Content-Type: application/json
Transfer-Encoding: chunked
Connection: keep-alive
Access-Control-Allow-Origin: *
Access-Control-Allow-Methods: GET, POST, DELETE, PUT
Access-Control-Allow-Headers: Content-Type, api_key, Authorization
Server: Jetty(9.2.9.v20150224)

{
    "id": 2020,
    "username": "user1",
    "firstName": "Rita",
    "lastName": "Gupta",
    "email": "Gupta",
    "password": "a@gmail.com",
    "phone": "1234567897",
    "userStatus": 0
}
[INFO ] 2023-09-26 11:17:59.671 [main] RestAssuredAutomationFramework - Get  User data  Executed
Name of test method sucessfully executed:testGetUserData
]]></system-out>
  </testcase>
  <testcase name="testGetUserData[user2](2)" classname="Api.testcases.UserTestDD" time="2.664">
    <system-out><![CDATA[Name of test method started:testGetUserData
HTTP/1.1 200 OK
Date: Tue, 26 Sep 2023 05:48:01 GMT
Content-Type: application/json
Transfer-Encoding: chunked
Connection: keep-alive
Access-Control-Allow-Origin: *
Access-Control-Allow-Methods: GET, POST, DELETE, PUT
Access-Control-Allow-Headers: Content-Type, api_key, Authorization
Server: Jetty(9.2.9.v20150224)

{
    "id": 2021,
    "username": "user2",
    "firstName": "Radha",
    "lastName": "Jain",
    "email": "Jain",
    "password": "b@gmail.com",
    "phone": "1234567897",
    "userStatus": 0
}
[INFO ] 2023-09-26 11:18:02.333 [main] RestAssuredAutomationFramework - Get  User data  Executed
Name of test method sucessfully executed:testGetUserData
]]></system-out>
  </testcase>
  <testcase name="testGetUserData[user3](3)" classname="Api.testcases.UserTestDD" time="2.661">
    <system-out><![CDATA[Name of test method started:testGetUserData
HTTP/1.1 200 OK
Date: Tue, 26 Sep 2023 05:48:04 GMT
Content-Type: application/json
Transfer-Encoding: chunked
Connection: keep-alive
Access-Control-Allow-Origin: *
Access-Control-Allow-Methods: GET, POST, DELETE, PUT
Access-Control-Allow-Headers: Content-Type, api_key, Authorization
Server: Jetty(9.2.9.v20150224)

{
    "id": 2022,
    "username": "user3",
    "firstName": "Smita",
    "lastName": "Pathak",
    "email": "Pathak",
    "password": "c@gmail.com",
    "phone": "1234567897",
    "userStatus": 0
}
[INFO ] 2023-09-26 11:18:04.996 [main] RestAssuredAutomationFramework - Get  User data  Executed
Name of test method sucessfully executed:testGetUserData
]]></system-out>
  </testcase>
  <testcase name="testGetUserData[user4](4)" classname="Api.testcases.UserTestDD" time="2.364">
    <system-out><![CDATA[Name of test method started:testGetUserData
HTTP/1.1 200 OK
Date: Tue, 26 Sep 2023 05:48:06 GMT
Content-Type: application/json
Transfer-Encoding: chunked
Connection: keep-alive
Access-Control-Allow-Origin: *
Access-Control-Allow-Methods: GET, POST, DELETE, PUT
Access-Control-Allow-Headers: Content-Type, api_key, Authorization
Server: Jetty(9.2.9.v20150224)

{
    "id": 2024,
    "username": "user4",
    "firstName": "Renu",
    "lastName": "Shah",
    "email": "Shah",
    "password": "renu@gmail.com",
    "phone": "1234567897",
    "userStatus": 0
}
[INFO ] 2023-09-26 11:18:07.351 [main] RestAssuredAutomationFramework - Get  User data  Executed
Name of test method sucessfully executed:testGetUserData
]]></system-out>
  </testcase>
  <testcase name="testDeleteUser[user1](1)" classname="Api.testcases.UserTestDD" time="1.798">
    <system-out><![CDATA[[DEBUG] 2023-09-26 11:18:07.355 [main] PackageRelationshipCollection - Parsing relationship: /xl/_rels/workbook.xml.rels
[DEBUG] 2023-09-26 11:18:07.355 [main] PackageRelationshipCollection - Parsing relationship: /xl/worksheets/_rels/sheet1.xml.rels
[DEBUG] 2023-09-26 11:18:07.356 [main] PackageRelationshipCollection - Parsing relationship: /_rels/.rels
[DEBUG] 2023-09-26 11:18:07.364 [main] PackageRelationshipCollection - Parsing relationship: /xl/_rels/workbook.xml.rels
[DEBUG] 2023-09-26 11:18:07.365 [main] PackageRelationshipCollection - Parsing relationship: /xl/worksheets/_rels/sheet1.xml.rels
[DEBUG] 2023-09-26 11:18:07.365 [main] PackageRelationshipCollection - Parsing relationship: /_rels/.rels
[DEBUG] 2023-09-26 11:18:07.373 [main] PackageRelationshipCollection - Parsing relationship: /xl/_rels/workbook.xml.rels
[DEBUG] 2023-09-26 11:18:07.374 [main] PackageRelationshipCollection - Parsing relationship: /xl/worksheets/_rels/sheet1.xml.rels
[DEBUG] 2023-09-26 11:18:07.374 [main] PackageRelationshipCollection - Parsing relationship: /_rels/.rels
[DEBUG] 2023-09-26 11:18:07.383 [main] PackageRelationshipCollection - Parsing relationship: /xl/_rels/workbook.xml.rels
[DEBUG] 2023-09-26 11:18:07.384 [main] PackageRelationshipCollection - Parsing relationship: /xl/worksheets/_rels/sheet1.xml.rels
[DEBUG] 2023-09-26 11:18:07.384 [main] PackageRelationshipCollection - Parsing relationship: /_rels/.rels
[DEBUG] 2023-09-26 11:18:07.394 [main] PackageRelationshipCollection - Parsing relationship: /xl/_rels/workbook.xml.rels
[DEBUG] 2023-09-26 11:18:07.394 [main] PackageRelationshipCollection - Parsing relationship: /xl/worksheets/_rels/sheet1.xml.rels
[DEBUG] 2023-09-26 11:18:07.395 [main] PackageRelationshipCollection - Parsing relationship: /_rels/.rels
Name of test method started:testDeleteUser
Delete User Data.
HTTP/1.1 200 OK
Date: Tue, 26 Sep 2023 05:48:08 GMT
Content-Type: application/json
Transfer-Encoding: chunked
Connection: keep-alive
Access-Control-Allow-Origin: *
Access-Control-Allow-Methods: GET, POST, DELETE, PUT
Access-Control-Allow-Headers: Content-Type, api_key, Authorization
Server: Jetty(9.2.9.v20150224)

{
    "code": 200,
    "type": "unknown",
    "message": "user1"
}
[INFO ] 2023-09-26 11:18:09.194 [main] RestAssuredAutomationFramework - Delet  User Executed
Name of test method sucessfully executed:testDeleteUser
]]></system-out>
  </testcase>
  <testcase name="testDeleteUser[user2](2)" classname="Api.testcases.UserTestDD" time="1.639">
    <system-out><![CDATA[Name of test method started:testDeleteUser
Delete User Data.
HTTP/1.1 200 OK
Date: Tue, 26 Sep 2023 05:48:10 GMT
Content-Type: application/json
Transfer-Encoding: chunked
Connection: keep-alive
Access-Control-Allow-Origin: *
Access-Control-Allow-Methods: GET, POST, DELETE, PUT
Access-Control-Allow-Headers: Content-Type, api_key, Authorization
Server: Jetty(9.2.9.v20150224)

{
    "code": 200,
    "type": "unknown",
    "message": "user2"
}
[INFO ] 2023-09-26 11:18:10.832 [main] RestAssuredAutomationFramework - Delet  User Executed
Name of test method sucessfully executed:testDeleteUser
]]></system-out>
  </testcase>
  <testcase name="testDeleteUser[user3](3)" classname="Api.testcases.UserTestDD" time="2.558">
    <system-out><![CDATA[Name of test method started:testDeleteUser
Delete User Data.
HTTP/1.1 200 OK
Date: Tue, 26 Sep 2023 05:48:12 GMT
Content-Type: application/json
Transfer-Encoding: chunked
Connection: keep-alive
Access-Control-Allow-Origin: *
Access-Control-Allow-Methods: GET, POST, DELETE, PUT
Access-Control-Allow-Headers: Content-Type, api_key, Authorization
Server: Jetty(9.2.9.v20150224)

{
    "code": 200,
    "type": "unknown",
    "message": "user3"
}
[INFO ] 2023-09-26 11:18:13.392 [main] RestAssuredAutomationFramework - Delet  User Executed
Name of test method sucessfully executed:testDeleteUser
]]></system-out>
  </testcase>
  <testcase name="testDeleteUser[user4](4)" classname="Api.testcases.UserTestDD" time="2.555">
    <system-out><![CDATA[Name of test method started:testDeleteUser
Delete User Data.
HTTP/1.1 200 OK
Date: Tue, 26 Sep 2023 05:48:15 GMT
Content-Type: application/json
Transfer-Encoding: chunked
Connection: keep-alive
Access-Control-Allow-Origin: *
Access-Control-Allow-Methods: GET, POST, DELETE, PUT
Access-Control-Allow-Headers: Content-Type, api_key, Authorization
Server: Jetty(9.2.9.v20150224)

{
    "code": 200,
    "type": "unknown",
    "message": "user4"
}
[INFO ] 2023-09-26 11:18:15.952 [main] RestAssuredAutomationFramework - Delet  User Executed
Name of test method sucessfully executed:testDeleteUser
]]></system-out>
  </testcase>
</testsuite>