<?xml version="1.0" encoding="UTF-8"?>
<testng-results ignored="0" total="16" passed="16" failed="0" skipped="0">
  <reporter-output>
  </reporter-output>
  <suite started-at="2023-09-26T10:03:33 IST" name="Suite" finished-at="2023-09-26T10:04:01 IST" duration-ms="28147">
    <groups>
    </groups>
    <test started-at="2023-09-26T10:03:33 IST" name="Test" finished-at="2023-09-26T10:04:01 IST" duration-ms="28147">
      <class name="Api.testcases.UserTestDD">
        <test-method signature="testCreateUser(java.lang.String,java.lang.String,java.lang.String,java.lang.String,java.lang.String,java.lang.String,java.lang.String)[pri:1, instance:Api.testcases.UserTestDD@3023df74]" started-at="2023-09-26T10:03:44 IST" name="testCreateUser" data-provider="AllData" finished-at="2023-09-26T10:03:46 IST" duration-ms="1367" status="PASS">
          <params>
            <param index="0">
              <value>
                <![CDATA[2020]]>
              </value>
            </param>
            <param index="1">
              <value>
                <![CDATA[user1]]>
              </value>
            </param>
            <param index="2">
              <value>
                <![CDATA[Rita]]>
              </value>
            </param>
            <param index="3">
              <value>
                <![CDATA[Gupta]]>
              </value>
            </param>
            <param index="4">
              <value>
                <![CDATA[a@gmail.com]]>
              </value>
            </param>
            <param index="5">
              <value>
                <![CDATA[test@1]]>
              </value>
            </param>
            <param index="6">
              <value>
                <![CDATA[1234567897]]>
              </value>
            </param>
          </params>
          <reporter-output>
          </reporter-output>
        </test-method> <!-- testCreateUser -->
        <test-method signature="testCreateUser(java.lang.String,java.lang.String,java.lang.String,java.lang.String,java.lang.String,java.lang.String,java.lang.String)[pri:1, instance:Api.testcases.UserTestDD@3023df74]" started-at="2023-09-26T10:03:46 IST" name="testCreateUser" data-provider="AllData" finished-at="2023-09-26T10:03:47 IST" duration-ms="1421" status="PASS">
          <params>
            <param index="0">
              <value>
                <![CDATA[2021]]>
              </value>
            </param>
            <param index="1">
              <value>
                <![CDATA[user2]]>
              </value>
            </param>
            <param index="2">
              <value>
                <![CDATA[Radha]]>
              </value>
            </param>
            <param index="3">
              <value>
                <![CDATA[Jain]]>
              </value>
            </param>
            <param index="4">
              <value>
                <![CDATA[b@gmail.com]]>
              </value>
            </param>
            <param index="5">
              <value>
                <![CDATA[test@2]]>
              </value>
            </param>
            <param index="6">
              <value>
                <![CDATA[1234567897]]>
              </value>
            </param>
          </params>
          <reporter-output>
          </reporter-output>
        </test-method> <!-- testCreateUser -->
        <test-method signature="testCreateUser(java.lang.String,java.lang.String,java.lang.String,java.lang.String,java.lang.String,java.lang.String,java.lang.String)[pri:1, instance:Api.testcases.UserTestDD@3023df74]" started-at="2023-09-26T10:03:47 IST" name="testCreateUser" data-provider="AllData" finished-at="2023-09-26T10:03:49 IST" duration-ms="1407" status="PASS">
          <params>
            <param index="0">
              <value>
                <![CDATA[2022]]>
              </value>
            </param>
            <param index="1">
              <value>
                <![CDATA[user3]]>
              </value>
            </param>
            <param index="2">
              <value>
                <![CDATA[Smita]]>
              </value>
            </param>
            <param index="3">
              <value>
                <![CDATA[Pathak]]>
              </value>
            </param>
            <param index="4">
              <value>
                <![CDATA[c@gmail.com]]>
              </value>
            </param>
            <param index="5">
              <value>
                <![CDATA[test@3]]>
              </value>
            </param>
            <param index="6">
              <value>
                <![CDATA[1234567897]]>
              </value>
            </param>
          </params>
          <reporter-output>
          </reporter-output>
        </test-method> <!-- testCreateUser -->
        <test-method signature="testCreateUser(java.lang.String,java.lang.String,java.lang.String,java.lang.String,java.lang.String,java.lang.String,java.lang.String)[pri:1, instance:Api.testcases.UserTestDD@3023df74]" started-at="2023-09-26T10:03:49 IST" name="testCreateUser" data-provider="AllData" finished-at="2023-09-26T10:03:50 IST" duration-ms="1457" status="PASS">
          <params>
            <param index="0">
              <value>
                <![CDATA[2024]]>
              </value>
            </param>
            <param index="1">
              <value>
                <![CDATA[user4]]>
              </value>
            </param>
            <param index="2">
              <value>
                <![CDATA[Renu]]>
              </value>
            </param>
            <param index="3">
              <value>
                <![CDATA[Shah]]>
              </value>
            </param>
            <param index="4">
              <value>
                <![CDATA[renu@gmail.com]]>
              </value>
            </param>
            <param index="5">
              <value>
                <![CDATA[test@4]]>
              </value>
            </param>
            <param index="6">
              <value>
                <![CDATA[1234567897]]>
              </value>
            </param>
          </params>
          <reporter-output>
          </reporter-output>
        </test-method> <!-- testCreateUser -->
        <test-method signature="testGetUserData(java.lang.String)[pri:2, instance:Api.testcases.UserTestDD@3023df74]" started-at="2023-09-26T10:03:50 IST" name="testGetUserData" data-provider="UserNamesData" finished-at="2023-09-26T10:03:51 IST" duration-ms="1372" status="PASS">
          <params>
            <param index="0">
              <value>
                <![CDATA[user1]]>
              </value>
            </param>
          </params>
          <reporter-output>
          </reporter-output>
        </test-method> <!-- testGetUserData -->
        <test-method signature="testGetUserData(java.lang.String)[pri:2, instance:Api.testcases.UserTestDD@3023df74]" started-at="2023-09-26T10:03:51 IST" name="testGetUserData" data-provider="UserNamesData" finished-at="2023-09-26T10:03:53 IST" duration-ms="1423" status="PASS">
          <params>
            <param index="0">
              <value>
                <![CDATA[user2]]>
              </value>
            </param>
          </params>
          <reporter-output>
          </reporter-output>
        </test-method> <!-- testGetUserData -->
        <test-method signature="testGetUserData(java.lang.String)[pri:2, instance:Api.testcases.UserTestDD@3023df74]" started-at="2023-09-26T10:03:53 IST" name="testGetUserData" data-provider="UserNamesData" finished-at="2023-09-26T10:03:54 IST" duration-ms="1355" status="PASS">
          <params>
            <param index="0">
              <value>
                <![CDATA[user3]]>
              </value>
            </param>
          </params>
          <reporter-output>
          </reporter-output>
        </test-method> <!-- testGetUserData -->
        <test-method signature="testGetUserData(java.lang.String)[pri:2, instance:Api.testcases.UserTestDD@3023df74]" started-at="2023-09-26T10:03:54 IST" name="testGetUserData" data-provider="UserNamesData" finished-at="2023-09-26T10:03:56 IST" duration-ms="1425" status="PASS">
          <params>
            <param index="0">
              <value>
                <![CDATA[user4]]>
              </value>
            </param>
          </params>
          <reporter-output>
          </reporter-output>
        </test-method> <!-- testGetUserData -->
        <test-method signature="testDeleteUser(java.lang.String)[pri:3, instance:Api.testcases.UserTestDD@3023df74]" started-at="2023-09-26T10:03:56 IST" name="testDeleteUser" data-provider="UserNamesData" finished-at="2023-09-26T10:03:57 IST" duration-ms="1664" status="PASS">
          <params>
            <param index="0">
              <value>
                <![CDATA[user1]]>
              </value>
            </param>
          </params>
          <reporter-output>
          </reporter-output>
        </test-method> <!-- testDeleteUser -->
        <test-method signature="testDeleteUser(java.lang.String)[pri:3, instance:Api.testcases.UserTestDD@3023df74]" started-at="2023-09-26T10:03:57 IST" name="testDeleteUser" data-provider="UserNamesData" finished-at="2023-09-26T10:03:59 IST" duration-ms="1377" status="PASS">
          <params>
            <param index="0">
              <value>
                <![CDATA[user2]]>
              </value>
            </param>
          </params>
          <reporter-output>
          </reporter-output>
        </test-method> <!-- testDeleteUser -->
        <test-method signature="testDeleteUser(java.lang.String)[pri:3, instance:Api.testcases.UserTestDD@3023df74]" started-at="2023-09-26T10:03:59 IST" name="testDeleteUser" data-provider="UserNamesData" finished-at="2023-09-26T10:04:00 IST" duration-ms="1396" status="PASS">
          <params>
            <param index="0">
              <value>
                <![CDATA[user3]]>
              </value>
            </param>
          </params>
          <reporter-output>
          </reporter-output>
        </test-method> <!-- testDeleteUser -->
        <test-method signature="testDeleteUser(java.lang.String)[pri:3, instance:Api.testcases.UserTestDD@3023df74]" started-at="2023-09-26T10:04:00 IST" name="testDeleteUser" data-provider="UserNamesData" finished-at="2023-09-26T10:04:01 IST" duration-ms="1345" status="PASS">
          <params>
            <param index="0">
              <value>
                <![CDATA[user4]]>
              </value>
            </param>
          </params>
          <reporter-output>
          </reporter-output>
        </test-method> <!-- testDeleteUser -->
      </class> <!-- Api.testcases.UserTestDD -->
      <class name="Api.testcases.UserTest">
        <test-method is-config="true" signature="GenerateTestData()[pri:0, instance:Api.testcases.UserTest@351d00c0]" started-at="2023-09-26T10:03:34 IST" name="GenerateTestData" finished-at="2023-09-26T10:03:34 IST" duration-ms="539" status="PASS">
          <reporter-output>
          </reporter-output>
        </test-method> <!-- GenerateTestData -->
        <test-method signature="testCreateUser()[pri:1, instance:Api.testcases.UserTest@351d00c0]" started-at="2023-09-26T10:03:34 IST" name="testCreateUser" finished-at="2023-09-26T10:03:38 IST" duration-ms="3653" status="PASS">
          <reporter-output>
          </reporter-output>
        </test-method> <!-- testCreateUser -->
        <test-method signature="testGetUserData()[pri:2, instance:Api.testcases.UserTest@351d00c0]" started-at="2023-09-26T10:03:38 IST" name="testGetUserData" finished-at="2023-09-26T10:03:39 IST" duration-ms="1495" status="PASS">
          <reporter-output>
          </reporter-output>
        </test-method> <!-- testGetUserData -->
        <test-method signature="testUpdateUser()[pri:3, instance:Api.testcases.UserTest@351d00c0]" started-at="2023-09-26T10:03:39 IST" name="testUpdateUser" finished-at="2023-09-26T10:03:42 IST" duration-ms="2821" status="PASS">
          <reporter-output>
          </reporter-output>
        </test-method> <!-- testUpdateUser -->
        <test-method signature="testDeletUser()[pri:4, instance:Api.testcases.UserTest@351d00c0]" started-at="2023-09-26T10:03:42 IST" name="testDeletUser" finished-at="2023-09-26T10:03:43 IST" duration-ms="1374" status="PASS">
          <reporter-output>
          </reporter-output>
        </test-method> <!-- testDeletUser -->
      </class> <!-- Api.testcases.UserTest -->
    </test> <!-- Test -->
  </suite> <!-- Suite -->
</testng-results>
